__________________________________________________________________________

Tue Sep 26 12:31:46 ICT 2017

Free Memory: 6426 kB
Total Memory: 16320 kB

java.class.path:
    C:\Users\User\AppData\Local\Temp\I1506403368\InstallerData\IAClasses.zip
    C:\Users\User\AppData\Local\Temp\I1506403368\InstallerData\Execute.zip
    C:\Users\User\AppData\Local\Temp\I1506403368\Windows\InstallerData\Execute.zip
    C:\Users\User\AppData\Local\Temp\I1506403368\InstallerData\Resource1.zip
    C:\Users\User\AppData\Local\Temp\I1506403368\Windows\InstallerData\Resource1.zip
    C:\Users\User\AppData\Local\Temp\I1506403368\InstallerData
    C:\Users\User\AppData\Local\Temp\I1506403368\Windows\InstallerData

ZGUtil.CLASS_PATH:
    C:\Users\User\AppData\Local\Temp\I1506403368\InstallerData\IAClasses.zip
    C:\Users\User\AppData\Local\Temp\I1506403368\InstallerData\Execute.zip
    C:\Users\User\AppData\Local\Temp\I1506403368\InstallerData

sun.boot.class.path:
    C:\Users\User\AppData\Local\Temp\I1506403368\Windows\resource\jre\lib\resources.jar
    C:\Users\User\AppData\Local\Temp\I1506403368\Windows\resource\jre\lib\rt.jar
    C:\Users\User\AppData\Local\Temp\I1506403368\Windows\resource\jre\lib\sunrsasign.jar
    C:\Users\User\AppData\Local\Temp\I1506403368\Windows\resource\jre\lib\jsse.jar
    C:\Users\User\AppData\Local\Temp\I1506403368\Windows\resource\jre\lib\jce.jar
    C:\Users\User\AppData\Local\Temp\I1506403368\Windows\resource\jre\lib\charsets.jar
    C:\Users\User\AppData\Local\Temp\I1506403368\Windows\resource\jre\classes

java.ext.dirs:
    C:\Users\User\AppData\Local\Temp\I1506403368\Windows\resource\jre\lib\ext
    C:\Windows\Sun\Java\lib\ext

java.version                  == 1.6.0_11 (Java 1)
java.vm.name                  == Java HotSpot(TM) Client VM
java.vm.vendor                == Sun Microsystems Inc.
java.vm.version               == 11.0-b16
java.vm.specification.name    == Java Virtual Machine Specification
java.vm.specification.vendor  == Sun Microsystems Inc.
java.vm.specification.version == 1.0
java.specification.name       == Java Platform API Specification
java.specification.vendor     == Sun Microsystems Inc.
java.specification.version    == 1.6
java.vendor                   == Sun Microsystems Inc.
java.vendor.url               == http://java.sun.com/
java.class.version            == 50.0
java.compiler                 == null
java.home                     == C:\Users\User\AppData\Local\Temp\I1506403368\Windows\resource\jre
java.io.tmpdir                == C:\Users\User\AppData\Local\Temp\
os.name                       == Windows Vista
os.arch                       == x86
os.version                    == 6.1
path.separator                == ;
file.separator                == \
file.encoding                 == Cp1252
user.name                     == User
user.home                     == C:\Users\User
user.dir                      == C:\Users\User\AppData\Local\Temp\I1506403368\Windows
user.language                 == in
user.region                   == null
__________________________________________________________________________


Nothing was installed.

Installed by InstallAnywhere 10.0 Enterprise Build 3794

INSTALLATION WAS CANCELLED BY USER DURING PRE-INSTALLATION

User Interactions
-----------------


#Choose Install Folder
#---------------------
USER_INSTALL_DIR=C:\\Program Files\\Cambridge\\CambridgeContent

Summary
-------

Installation: Successful
